Determining if the pthread_create exist failed with the following output:
Change Dir: /home/peter/FYP/FastLSH-MPI/cmake-build-debug/CMakeFiles/CMakeTmp

Run Build Command:"/usr/bin/make" "cmTC_12a07/fast"
/usr/bin/make -f CMakeFiles/cmTC_12a07.dir/build.make CMakeFiles/cmTC_12a07.dir/build
make[1]: Entering directory '/home/peter/FYP/FastLSH-MPI/cmake-build-debug/CMakeFiles/CMakeTmp'
Building C object CMakeFiles/cmTC_12a07.dir/CheckSymbolExists.c.o
/usr/bin/cc     -o CMakeFiles/cmTC_12a07.dir/CheckSymbolExists.c.o   -c /home/peter/FYP/FastLSH-MPI/cmake-build-debug/CMakeFiles/CMakeTmp/CheckSymbolExists.c
Linking C executable cmTC_12a07
/home/peter/clion-2016.3.2/bin/cmake/bin/cmake -E cmake_link_script CMakeFiles/cmTC_12a07.dir/link.txt --verbose=1
/usr/bin/cc       CMakeFiles/cmTC_12a07.dir/CheckSymbolExists.c.o  -o cmTC_12a07 -rdynamic 
CMakeFiles/cmTC_12a07.dir/CheckSymbolExists.c.o: In function `main':
CheckSymbolExists.c:(.text+0x16): undefined reference to `pthread_create'
collect2: error: ld returned 1 exit status
CMakeFiles/cmTC_12a07.dir/build.make:97: recipe for target 'cmTC_12a07' failed
make[1]: *** [cmTC_12a07] Error 1
make[1]: Leaving directory '/home/peter/FYP/FastLSH-MPI/cmake-build-debug/CMakeFiles/CMakeTmp'
Makefile:126: recipe for target 'cmTC_12a07/fast' failed
make: *** [cmTC_12a07/fast] Error 2

File /home/peter/FYP/FastLSH-MPI/cmake-build-debug/CMakeFiles/CMakeTmp/CheckSymbolExists.c:
/* */
#include <pthread.h>

int main(int argc, char** argv)
{
  (void)argv;
#ifndef pthread_create
  return ((int*)(&pthread_create))[argc];
#else
  (void)argc;
  return 0;
#endif
}

Determining if the function pthread_create exists in the pthreads failed with the following output:
Change Dir: /home/peter/FYP/FastLSH-MPI/cmake-build-debug/CMakeFiles/CMakeTmp

Run Build Command:"/usr/bin/make" "cmTC_3eafc/fast"
/usr/bin/make -f CMakeFiles/cmTC_3eafc.dir/build.make CMakeFiles/cmTC_3eafc.dir/build
make[1]: Entering directory '/home/peter/FYP/FastLSH-MPI/cmake-build-debug/CMakeFiles/CMakeTmp'
Building C object CMakeFiles/cmTC_3eafc.dir/CheckFunctionExists.c.o
/usr/bin/cc    -DCHECK_FUNCTION_EXISTS=pthread_create   -o CMakeFiles/cmTC_3eafc.dir/CheckFunctionExists.c.o   -c /home/peter/clion-2016.3.2/bin/cmake/share/cmake-3.6/Modules/CheckFunctionExists.c
Linking C executable cmTC_3eafc
/home/peter/clion-2016.3.2/bin/cmake/bin/cmake -E cmake_link_script CMakeFiles/cmTC_3eafc.dir/link.txt --verbose=1
/usr/bin/cc   -DCHECK_FUNCTION_EXISTS=pthread_create    CMakeFiles/cmTC_3eafc.dir/CheckFunctionExists.c.o  -o cmTC_3eafc -rdynamic -lpthreads 
/usr/bin/ld: cannot find -lpthreads
collect2: error: ld returned 1 exit status
CMakeFiles/cmTC_3eafc.dir/build.make:97: recipe for target 'cmTC_3eafc' failed
make[1]: *** [cmTC_3eafc] Error 1
make[1]: Leaving directory '/home/peter/FYP/FastLSH-MPI/cmake-build-debug/CMakeFiles/CMakeTmp'
Makefile:126: recipe for target 'cmTC_3eafc/fast' failed
make: *** [cmTC_3eafc/fast] Error 2


